# JRE version: OpenJDK Runtime Environment (19.0.2+7) (build 19.0.2+7-44)
# Java VM: OpenJDK 64-Bit Server VM (19.0.2+7-44, mixed mode, emulated-client, sharing, tiered, compressed oops, compressed class ptrs, g1 gc, windows-amd64)
GC Precious Log:
 CardTable entry size: 512
 Card Set container configuration: InlinePtr #cards 4 size 8 Array Of Cards #cards 16 size 48 Howl #buckets 8 coarsen threshold 3686 Howl Bitmap #cards 512 size 80 coarsen threshold 460 Card regions per heap region 1 cards per card region 4096
 CPUs: 8 total, 8 available
 Memory: 16177M
 Large Page Support: Disabled
 NUMA Support: Disabled
 Compressed Oops: Enabled (Zero based)
 Heap Region Size: 2M
 Heap Min Capacity: 8M
 Heap Initial Capacity: 254M
 Heap Max Capacity: 4046M
 Pre-touch: Disabled
 Parallel Workers: 8
 Concurrent Workers: 2
 Concurrent Refinement Workers: 8
 Periodic GC: Disabled
Heap:
 garbage-first heap   total 161792K, used 121939K [0x0000000703200000, 0x0000000800000000)
  region size 2048K, 42 young (86016K), 4 survivors (8192K)
 Metaspace       used 85250K, committed 86080K, reserved 1179648K
  class space    used 11868K, committed 12288K, reserved 1048576K
GC Heap History (20 events):
Event: 12.229 GC heap before
{Heap before GC invocations=11 (full 0):
 garbage-first heap   total 96256K, used 76442K [0x0000000703200000, 0x0000000800000000)
  region size 2048K, 28 young (57344K), 2 survivors (4096K)
 Metaspace       used 48919K, committed 49536K, reserved 1114112K
  class space    used 6484K, committed 6784K, reserved 1048576K
}
Event: 12.238 GC heap after
{Heap after GC invocations=12 (full 0):
 garbage-first heap   total 96256K, used 28613K [0x0000000703200000, 0x0000000800000000)
  region size 2048K, 4 young (8192K), 4 survivors (8192K)
 Metaspace       used 48919K, committed 49536K, reserved 1114112K
  class space    used 6484K, committed 6784K, reserved 1048576K
}
Event: 12.316 GC heap before
{Heap before GC invocations=12 (full 0):
 garbage-first heap   total 96256K, used 30661K [0x0000000703200000, 0x0000000800000000)
  region size 2048K, 5 young (10240K), 4 survivors (8192K)
 Metaspace       used 49589K, committed 50240K, reserved 1114112K
  class space    used 6552K, committed 6848K, reserved 1048576K
}
Event: 12.325 GC heap after
{Heap after GC invocations=13 (full 0):
 garbage-first heap   total 96256K, used 29111K [0x0000000703200000, 0x0000000800000000)
  region size 2048K, 1 young (2048K), 1 survivors (2048K)
 Metaspace       used 49589K, committed 50240K, reserved 1114112K
  class space    used 6552K, committed 6848K, reserved 1048576K
}
Event: 13.073 GC heap before
{Heap before GC invocations=13 (full 0):
 garbage-first heap   total 96256K, used 70071K [0x0000000703200000, 0x0000000800000000)
  region size 2048K, 22 young (45056K), 1 survivors (2048K)
 Metaspace       used 58735K, committed 59264K, reserved 1114112K
  class space    used 7901K, committed 8128K, reserved 1048576K
}
Event: 13.078 GC heap after
{Heap after GC invocations=14 (full 0):
 garbage-first heap   total 96256K, used 30494K [0x0000000703200000, 0x0000000800000000)
  region size 2048K, 2 young (4096K), 2 survivors (4096K)
 Metaspace       used 58735K, committed 59264K, reserved 1114112K
  class space    used 7901K, committed 8128K, reserved 1048576K
}
Event: 13.226 GC heap before
{Heap before GC invocations=14 (full 0):
 garbage-first heap   total 96256K, used 36638K [0x0000000703200000, 0x0000000800000000)
  region size 2048K, 6 young (12288K), 2 survivors (4096K)
 Metaspace       used 60063K, committed 60608K, reserved 1114112K
  class space    used 8128K, committed 8384K, reserved 1048576K
}
Event: 13.229 GC heap after
{Heap after GC invocations=15 (full 0):
 garbage-first heap   total 96256K, used 30676K [0x0000000703200000, 0x0000000800000000)
  region size 2048K, 2 young (4096K), 2 survivors (4096K)
 Metaspace       used 60063K, committed 60608K, reserved 1114112K
  class space    used 8128K, committed 8384K, reserved 1048576K
}
Event: 13.696 GC heap before
{Heap before GC invocations=16 (full 0):
 garbage-first heap   total 96256K, used 73684K [0x0000000703200000, 0x0000000800000000)
  region size 2048K, 23 young (47104K), 2 survivors (4096K)
 Metaspace       used 63480K, committed 64128K, reserved 1114112K
  class space    used 8722K, committed 9024K, reserved 1048576K
}
Event: 13.702 GC heap after
{Heap after GC invocations=17 (full 0):
 garbage-first heap   total 96256K, used 32584K [0x0000000703200000, 0x0000000800000000)
  region size 2048K, 3 young (6144K), 3 survivors (6144K)
 Metaspace       used 63480K, committed 64128K, reserved 1114112K
  class space    used 8722K, committed 9024K, reserved 1048576K
}
Event: 13.811 GC heap before
{Heap before GC invocations=17 (full 0):
 garbage-first heap   total 96256K, used 34632K [0x0000000703200000, 0x0000000800000000)
  region size 2048K, 4 young (8192K), 3 survivors (6144K)
 Metaspace       used 63944K, committed 64576K, reserved 1114112K
  class space    used 8784K, committed 9088K, reserved 1048576K
}
Event: 13.825 GC heap after
{Heap after GC invocations=18 (full 0):
 garbage-first heap   total 96256K, used 32541K [0x0000000703200000, 0x0000000800000000)
  region size 2048K, 1 young (2048K), 1 survivors (2048K)
 Metaspace       used 63944K, committed 64576K, reserved 1114112K
  class space    used 8784K, committed 9088K, reserved 1048576K
}
Event: 18.045 GC heap before
{Heap before GC invocations=18 (full 0):
 garbage-first heap   total 96256K, used 73501K [0x0000000703200000, 0x0000000800000000)
  region size 2048K, 22 young (45056K), 1 survivors (2048K)
 Metaspace       used 67727K, committed 68416K, reserved 1114112K
  class space    used 9279K, committed 9600K, reserved 1048576K
}
Event: 18.050 GC heap after
{Heap after GC invocations=19 (full 0):
 garbage-first heap   total 161792K, used 34353K [0x0000000703200000, 0x0000000800000000)
  region size 2048K, 2 young (4096K), 2 survivors (4096K)
 Metaspace       used 67727K, committed 68416K, reserved 1114112K
  class space    used 9279K, committed 9600K, reserved 1048576K
}
Event: 18.573 GC heap before
{Heap before GC invocations=19 (full 0):
 garbage-first heap   total 161792K, used 126513K [0x0000000703200000, 0x0000000800000000)
  region size 2048K, 47 young (96256K), 2 survivors (4096K)
 Metaspace       used 73095K, committed 73856K, reserved 1114112K
  class space    used 10208K, committed 10560K, reserved 1048576K
}
Event: 18.578 GC heap after
{Heap after GC invocations=20 (full 0):
 garbage-first heap   total 161792K, used 39017K [0x0000000703200000, 0x0000000800000000)
  region size 2048K, 4 young (8192K), 4 survivors (8192K)
 Metaspace       used 73095K, committed 73856K, reserved 1114112K
  class space    used 10208K, committed 10560K, reserved 1048576K
}
Event: 18.867 GC heap before
{Heap before GC invocations=20 (full 0):
 garbage-first heap   total 161792K, used 125033K [0x0000000703200000, 0x0000000800000000)
  region size 2048K, 46 young (94208K), 4 survivors (8192K)
 Metaspace       used 73799K, committed 74496K, reserved 1114112K
  class space    used 10302K, committed 10624K, reserved 1048576K
}
Event: 18.872 GC heap after
{Heap after GC invocations=21 (full 0):
 garbage-first heap   total 161792K, used 41738K [0x0000000703200000, 0x0000000800000000)
  region size 2048K, 4 young (8192K), 4 survivors (8192K)
 Metaspace       used 73799K, committed 74496K, reserved 1114112K
  class space    used 10302K, committed 10624K, reserved 1048576K
}
Event: 19.443 GC heap before
{Heap before GC invocations=21 (full 0):
 garbage-first heap   total 161792K, used 129802K [0x0000000703200000, 0x0000000800000000)
  region size 2048K, 47 young (96256K), 4 survivors (8192K)
 Metaspace       used 77667K, committed 78400K, reserved 1179648K
  class space    used 10861K, committed 11200K, reserved 1048576K
}
Event: 19.449 GC heap after
{Heap after GC invocations=22 (full 0):
 garbage-first heap   total 161792K, used 46163K [0x0000000703200000, 0x0000000800000000)
  region size 2048K, 4 young (8192K), 4 survivors (8192K)
 Metaspace       used 77667K, committed 78400K, reserved 1179648K
  class space    used 10861K, committed 11200K, reserved 1048576K
}

